<?xml version="1.0" encoding="UTF-8"?>
<testsuite name="com.tdd.mockito.FirstMockitoTest" tests="1" skipped="0" failures="0" errors="0" timestamp="2018-06-29T04:37:47" hostname="FULL404-PRT.FULL.Creative" time="0.002">
  <properties/>
  <testcase name="test" classname="com.tdd.mockito.FirstMockitoTest" time="0.002"/>
  <system-out><![CDATA[]]></system-out>
  <system-err><![CDATA[]]></system-err>
</testsuite>
